./sdriver.pl -t trace01.txt -s ./tsh -a "-p"
#
# trace01.txt - Properly terminate on EOF.
#
./sdriver.pl -t trace02.txt -s ./tsh -a "-p"
#
# trace02.txt - Process builtin quit command.
#
./sdriver.pl -t trace03.txt -s ./tsh -a "-p"
#
# trace03.txt - Run a foreground job.
#
tsh> quit
./sdriver.pl -t trace04.txt -s ./tsh -a "-p"
#
# trace04.txt - Run a background job.
#
tsh> ./myspin 1 &
[1] (17256) ./myspin 1 &
./sdriver.pl -t trace05.txt -s ./tsh -a "-p"
#
# trace05.txt - Process jobs builtin command.
#
tsh> ./myspin 2 &
[1] (17261) ./myspin 2 &
tsh> ./myspin 3 &
[2] (17263) ./myspin 3 &
tsh> jobs
[1] (17261) Running ./myspin 2 &
[2] (17263) Running ./myspin 3 &
./sdriver.pl -t trace06.txt -s ./tsh -a "-p"
#
# trace06.txt - Forward SIGINT to foreground job.
#
tsh> ./myspin 4
Job [1] (17282) terminated by signal 2
./sdriver.pl -t trace07.txt -s ./tsh -a "-p"
#
# trace07.txt - Forward SIGINT only to foreground job.
#
tsh> ./myspin 4 &
[1] (17299) ./myspin 4 &
tsh> ./myspin 5
Job [2] (17301) terminated by signal 2
tsh> jobs
[1] (17299) Running ./myspin 4 &
./sdriver.pl -t trace08.txt -s ./tsh -a "-p"
#
# trace08.txt - Forward SIGTSTP only to foreground job.
#
tsh> ./myspin 4 &
[1] (17323) ./myspin 4 &
tsh> ./myspin 5
Job [2] (17325) stopped by signal 20
tsh> jobs
[1] (17323) Running ./myspin 4 &
[2] (17325) Stopped ./myspin 5 
./sdriver.pl -t trace09.txt -s ./tsh -a "-p"
#
# trace09.txt - Process bg builtin command
#
tsh> ./myspin 4 &
[1] (17345) ./myspin 4 &
tsh> ./myspin 5
Job [2] (17347) stopped by signal 20
tsh> jobs
[1] (17345) Running ./myspin 4 &
[2] (17347) Stopped ./myspin 5 
tsh> bg %2
[2] (17347) ./myspin 5 
tsh> jobs
[1] (17345) Running ./myspin 4 &
[2] (17347) Running ./myspin 5 
./sdriver.pl -t trace10.txt -s ./tsh -a "-p"
#
# trace10.txt - Process fg builtin command. 
#
tsh> ./myspin 4 &
[1] (17372) ./myspin 4 &
tsh> fg %1
Job [1] (17372) stopped by signal 20
tsh> jobs
[1] (17372) Stopped ./myspin 4 &
tsh> fg %1
tsh> jobs
./sdriver.pl -t trace11.txt -s ./tsh -a "-p"
#
# trace11.txt - Forward SIGINT to every process in foreground process group
#
tsh> ./mysplit 4
Job [1] (17394) terminated by signal 2
tsh> /bin/ps a
  PID TTY      STAT   TIME COMMAND
 1158 tty1     Ss+    0:00 /sbin/agetty --noclear tty1 linux
 1159 ttyS0    Ss+    0:00 /sbin/agetty --keep-baud 115200,38400,9600 ttyS0 vt220
12267 pts/0    Ss     0:00 /bin/bash
17240 pts/0    S+     0:00 sh run.sh
17390 pts/0    S+     0:00 make test11
17391 pts/0    S+     0:00 /usr/bin/perl ./sdriver.pl -t trace11.txt -s ./tsh -a -p
17392 pts/0    S+     0:00 ./tsh -p
17404 pts/0    R      0:00 /bin/ps a
./sdriver.pl -t trace12.txt -s ./tsh -a "-p"
#
# trace12.txt - Forward SIGTSTP to every process in foreground process group
#
tsh> ./mysplit 4
Job [1] (17409) stopped by signal 20
tsh> jobs
[1] (17409) Stopped ./mysplit 4 
tsh> /bin/ps a
  PID TTY      STAT   TIME COMMAND
 1158 tty1     Ss+    0:00 /sbin/agetty --noclear tty1 linux
 1159 ttyS0    Ss+    0:00 /sbin/agetty --keep-baud 115200,38400,9600 ttyS0 vt220
12267 pts/0    Ss     0:00 /bin/bash
17240 pts/0    S+     0:00 sh run.sh
17405 pts/0    S+     0:00 make test12
17406 pts/0    S+     0:00 /usr/bin/perl ./sdriver.pl -t trace12.txt -s ./tsh -a -p
17407 pts/0    S+     0:00 ./tsh -p
17409 pts/0    T      0:00 ./mysplit 4
17410 pts/0    T      0:00 ./mysplit 4
17428 pts/0    R      0:00 /bin/ps a
./sdriver.pl -t trace13.txt -s ./tsh -a "-p"
#
# trace13.txt - Restart every stopped process in process group
#
tsh> ./mysplit 4
Job [1] (17433) stopped by signal 20
tsh> jobs
[1] (17433) Stopped ./mysplit 4 
tsh> /bin/ps a
  PID TTY      STAT   TIME COMMAND
 1158 tty1     Ss+    0:00 /sbin/agetty --noclear tty1 linux
 1159 ttyS0    Ss+    0:00 /sbin/agetty --keep-baud 115200,38400,9600 ttyS0 vt220
12267 pts/0    Ss     0:00 /bin/bash
17240 pts/0    S+     0:00 sh run.sh
17429 pts/0    S+     0:00 make test13
17430 pts/0    S+     0:00 /usr/bin/perl ./sdriver.pl -t trace13.txt -s ./tsh -a -p
17431 pts/0    S+     0:00 ./tsh -p
17433 pts/0    T      0:00 ./mysplit 4
17434 pts/0    T      0:00 ./mysplit 4
17445 pts/0    R      0:00 /bin/ps a
tsh> fg %1
tsh> /bin/ps a
  PID TTY      STAT   TIME COMMAND
 1158 tty1     Ss+    0:00 /sbin/agetty --noclear tty1 linux
 1159 ttyS0    Ss+    0:00 /sbin/agetty --keep-baud 115200,38400,9600 ttyS0 vt220
12267 pts/0    Ss     0:00 /bin/bash
17240 pts/0    S+     0:00 sh run.sh
17429 pts/0    S+     0:00 make test13
17430 pts/0    S+     0:00 /usr/bin/perl ./sdriver.pl -t trace13.txt -s ./tsh -a -p
17431 pts/0    S+     0:00 ./tsh -p
17456 pts/0    R      0:00 /bin/ps a
./sdriver.pl -t trace14.txt -s ./tsh -a "-p"
#
# trace14.txt - Simple error handling
#
tsh> ./bogus
./bogus: Command not found
tsh> ./myspin 4 &
[1] (17463) ./myspin 4 &
tsh> fg
fg command requires PID or %jobid argument
tsh> bg
bg command requires PID or %jobid argument
tsh> fg a
fg argument must be a PID or %jobid
tsh> bg a
bg argument must be a PID or %jobid
tsh> fg 9999999
(9999999): No such process
tsh> bg 9999999
(9999999): No such process
tsh> fg %2
%2: No such job
tsh> fg %1
Job [1] (17463) stopped by signal 20
tsh> bg %2
%2: No such job
tsh> bg %1
[1] (17463) ./myspin 4 &
tsh> jobs
[1] (17463) Running ./myspin 4 &
./sdriver.pl -t trace15.txt -s ./tsh -a "-p"
#
# trace15.txt - Putting it all together
#
tsh> ./bogus
./bogus: Command not found
tsh> ./myspin 10
Job [1] (17493) terminated by signal 2
tsh> ./myspin 3 &
[1] (17498) ./myspin 3 &
tsh> ./myspin 4 &
[2] (17500) ./myspin 4 &
tsh> jobs
[1] (17498) Running ./myspin 3 &
[2] (17500) Running ./myspin 4 &
tsh> fg %1
Job [1] (17498) stopped by signal 20
tsh> jobs
[1] (17498) Stopped ./myspin 3 &
[2] (17500) Running ./myspin 4 &
tsh> bg %3
%3: No such job
tsh> bg %1
[1] (17498) ./myspin 3 &
tsh> jobs
[1] (17498) Running ./myspin 3 &
[2] (17500) Running ./myspin 4 &
tsh> fg %1
tsh> quit
./sdriver.pl -t trace16.txt -s ./tsh -a "-p"
#
# trace16.txt - Tests whether the shell can handle SIGTSTP and SIGINT
#     signals that come from other processes instead of the terminal.
#
tsh> ./mystop 2
Job [1] (17532) stopped by signal 20
tsh> jobs
[1] (17532) Stopped ./mystop 2
tsh> ./myint 2
Job [2] (17543) terminated by signal 2
